[18:15:39] [Server thread/INFO]: Starting minecraft server version 1.12.2
[18:15:39] [Server thread/INFO]: Loading properties
[18:15:39] [Server thread/INFO]: Default game type: SURVIVAL
[18:15:39] [Server thread/INFO]: Generating keypair
[18:15:39] [Server thread/INFO]: Starting Minecraft server on *:25565
[18:15:39] [Server thread/INFO]: Using epoll channel type
[18:15:39] [Server thread/WARN]: **** SERVER IS RUNNING IN OFFLINE/INSECURE MODE!
[18:15:39] [Server thread/WARN]: The server will make no attempt to authenticate usernames. Beware.
[18:15:39] [Server thread/WARN]: While this makes the game possible to play without internet access, it also opens up the ability for hackers to connect with any username they choose.
[18:15:39] [Server thread/WARN]: To change this, set "online-mode" to "true" in the server.properties file.
[18:15:39] [Server thread/INFO]: Preparing level "world"
[18:15:39] [Server thread/INFO]: Loaded 488 advancements
[18:15:39] [Server thread/INFO]: Preparing start region for level 0
[18:15:40] [Server thread/INFO]: Done (1.158s)! For help, type "help" or "?"
[18:16:06] [Server thread/INFO]: Unknown command. Try /help for a list of commands
[18:17:00] [Server thread/INFO]: Unknown command. Try /help for a list of commands
[18:17:01] [Server thread/INFO]: Usage: /op <player>
[18:17:08] [Server thread/INFO]: Opped An0n1m0us_
[18:17:15] [Server thread/INFO]: Turned off the whitelist
[18:17:22] [Server thread/INFO]: Unknown command. Try /help for a list of commands
[18:17:58] [Server thread/INFO]: Unknown command. Try /help for a list of commands
[18:17:58] [Server thread/INFO]: Unknown command. Try /help for a list of commands
[18:17:59] [Server thread/INFO]: Unknown command. Try /help for a list of commands
[18:17:59] [Server thread/INFO]: Unknown command. Try /help for a list of commands
